  app.c
  server.c
E:\VisualStudio\Embedded_Project_1\Server\server.c(35,63): warning C4047: 'function': 'ST_accountsDB_t *' differs in levels of indirection from 'ST_accountsDB_t **'
E:\VisualStudio\Embedded_Project_1\Server\server.c(35,63): warning C4024: 'isValidAccount': different types for formal and actual parameter 2
E:\VisualStudio\Embedded_Project_1\Server\server.c(58,13): warning C4013: 'strcmp' undefined; assuming extern returning int
E:\VisualStudio\Embedded_Project_1\Server\server.c(81,5): warning C4013: 'printf' undefined; assuming extern returning int
E:\VisualStudio\Embedded_Project_1\Server\server.c(290,23): warning C4018: '<': signed/unsigned mismatch
E:\VisualStudio\Embedded_Project_1\Server\server.c(311,5): warning C4013: 'strcpy' undefined; assuming extern returning int
  terminal.c
E:\VisualStudio\Embedded_Project_1\Terminal\terminal.c(37,54): warning C4477: 'sscanf_s' : format string '%2s' requires an argument of type 'unsigned int', but variadic argument 2 has type 'size_t'
  E:\VisualStudio\Embedded_Project_1\Terminal\terminal.c(37,54):
  this argument is used as a buffer size
  
E:\VisualStudio\Embedded_Project_1\Terminal\terminal.c(37,54): warning C4477: 'sscanf_s' : format string '%2s' requires an argument of type 'unsigned int', but variadic argument 4 has type 'size_t'
  E:\VisualStudio\Embedded_Project_1\Terminal\terminal.c(37,54):
  this argument is used as a buffer size
  
E:\VisualStudio\Embedded_Project_1\Terminal\terminal.c(37,54): warning C4477: 'sscanf_s' : format string '%4s' requires an argument of type 'unsigned int', but variadic argument 6 has type 'size_t'
  E:\VisualStudio\Embedded_Project_1\Terminal\terminal.c(37,54):
  this argument is used as a buffer size
  
E:\VisualStudio\Embedded_Project_1\Terminal\terminal.c(39,11): warning C4013: 'atoi' undefined; assuming extern returning int
E:\VisualStudio\Embedded_Project_1\Terminal\terminal.c(121,9): warning C4013: 'strcpy' undefined; assuming extern returning int
  Generating Code...
  Embedded_Project_1.vcxproj -> E:\VisualStudio\Embedded_Project_1\x64\Debug\Embedded_Project_1.exe
